<?xml version="1.0" encoding="UTF-8"?>
<!-- Generated by org.testng.reporters.JUnitXMLReporter -->
<testsuite ignored="0" hostname="LAPTOP-P3Q25GVB" failures="1" tests="2" name="Test-Runner-Firefox" time="23.171" errors="0" timestamp="2024-02-18T15:24:02 IST">
  <testcase classname="contactTest.CreatecontactTest" name="CreatecontactWithMandInfo" time="8.034"/>
  <testcase classname="contactTest.CreatecontactTest" name="demoTest" time="0.0">
    <failure type="java.lang.AssertionError" message="null">
      <![CDATA[java.lang.AssertionError: null
at contactTest.CreatecontactTest.demoTest(CreatecontactTest.java:48)
at java.base/java.util.ArrayList.forEach(ArrayList.java:1511)
at java.base/java.util.concurrent.FutureTask.run(FutureTask.java:317)
at java.base/java.util.concurrent.ThreadPoolExecutor.runWorker(ThreadPoolExecutor.java:1144)
at java.base/java.util.concurrent.ThreadPoolExecutor$Worker.run(ThreadPoolExecutor.java:642)
at java.base/java.lang.Thread.run(Thread.java:1623)
... Removed 17 stack frames]]>
    </failure>
  </testcase> <!-- demoTest -->
</testsuite> <!-- Test-Runner-Firefox -->
