<?xml version="1.0" encoding="UTF-8"?>
<!-- Generated by org.testng.reporters.JUnitXMLReporter -->
<testsuite ignored="0" hostname="LAPTOP-P3Q25GVB" failures="0" tests="1" name="Test-Runner1" time="40.765" errors="0" timestamp="2024-02-02T00:11:00 IST">
  <testcase classname="contactTest.CreatecontactTest" name="CreatecontactWithMandInfo" time="18.412"/>
</testsuite> <!-- Test-Runner1 -->
