<?xml version="1.0" encoding="UTF-8"?>
<!-- Generated by org.testng.reporters.JUnitReportReporter -->
<testsuite hostname="LAPTOP-P3Q25GVB" failures="0" tests="3" name="Practice.TestNGPractice" time="0.020" errors="0" timestamp="2024-01-31T09:02:13 IST" skipped="0">
  <testcase classname="Practice.TestNGPractice" name="sample" time="0.001"/>
  <testcase classname="Practice.TestNGPractice" name="Sam" time="0.003"/>
  <testcase classname="Practice.TestNGPractice" name="Sam" time="0.016"/>
</testsuite> <!-- Practice.TestNGPractice -->
