<?xml version="1.0" encoding="UTF-8"?>
<!-- Generated by org.testng.reporters.JUnitReportReporter -->
<testsuite hostname="LAPTOP-P3Q25GVB" failures="0" tests="1" name="contactTest.CreateContactWithLeadSource" time="14.325" errors="0" timestamp="2024-02-25T21:00:02 IST" skipped="0">
  <testcase classname="contactTest.CreateContactWithLeadSource" name="CreateContactWithLead" time="14.325"/>
</testsuite> <!-- contactTest.CreateContactWithLeadSource -->
